2021-03-21 08:55:52,568  INFO [main] UsefulLinksPage:47 - Actual heading...Useful Links
2021-03-21 08:55:52,573  INFO [main] UsefulLinksPage:51 - Pageheading is matched
2021-03-21 08:55:52,714  INFO [main] UsefulLinksPage:61 - Actual Msg...* Internet Required
2021-03-21 08:55:52,719  INFO [main] UsefulLinksPage:63 - Expected Msg...* Internet Required
2021-03-21 08:55:52,734  INFO [main] UsefulLinksPage:65 - sub-title is matched.
2021-03-21 08:55:53,427  INFO [main] UsefulLinksPage:83 - Actual Header: [Sr, Content, Click]
2021-03-21 08:55:53,552  INFO [main] UsefulLinksPage:101 - No of header: 3
2021-03-21 08:55:53,602  INFO [main] UsefulLinksPage:103 - size of header is matched
2021-03-21 08:55:53,702  INFO [main] UsefulLinksPage:112 - No of rows: 7
2021-03-21 08:55:53,737  INFO [main] UsefulLinksPage:114 - row-size is matched
2021-03-21 08:55:53,878  INFO [main] UsefulLinksPage:123 - No of buttons: 6
2021-03-21 08:55:53,936  INFO [main] UsefulLinksPage:125 - buttons-size is matched
2021-03-21 08:55:54,373  INFO [main] UsefulLinksPage:138 - **Before sort function**[Schedule, Video Lactures All Topics, Selenium Interview Questions, Java Interview Questions, Courses, Placement]
2021-03-21 08:55:54,383  INFO [main] UsefulLinksPage:144 - after sorting in ascending order=[Courses, Java Interview Questions, Placement, Schedule, Selenium Interview Questions, Video Lactures All Topics]
2021-03-21 08:55:54,642  INFO [main] UsefulLinksPage:156 - **Before sort function**[Schedule, Video Lactures All Topics, Selenium Interview Questions, Java Interview Questions, Courses, Placement]
2021-03-21 08:55:54,653  INFO [main] UsefulLinksPage:162 - after sorting in ascending order=[Courses, Java Interview Questions, Placement, Schedule, Selenium Interview Questions, Video Lactures All Topics]
2021-03-21 08:55:54,676  INFO [main] UsefulLinksPage:164 - after sorting in descending order=[Video Lactures All Topics, Selenium Interview Questions, Schedule, Placement, Java Interview Questions, Courses]
2021-03-21 08:55:55,245  INFO [main] UsefulLinksPage:175 - sr number of courses is: 05
2021-03-21 08:55:55,593  INFO [main] UsefulLinksPage:189 - Sr no. of questions::03
2021-03-21 08:55:55,780  INFO [main] UsefulLinksPage:189 - Sr no. of questions::04
2021-03-21 08:55:56,012  INFO [main] UsefulLinksPage:196 - Sr no. and Content available without courses
2021-03-21 08:55:56,312  INFO [main] UsefulLinksPage:203 - 01 Schedule
2021-03-21 08:55:56,679  INFO [main] UsefulLinksPage:203 - 02 Video Lactures All Topics
2021-03-21 08:55:56,978  INFO [main] UsefulLinksPage:203 - 03 Selenium Interview Questions
2021-03-21 08:55:57,384  INFO [main] UsefulLinksPage:203 - 04 Java Interview Questions
2021-03-21 08:55:57,898  INFO [main] UsefulLinksPage:203 - 06 Placement
2021-03-21 08:55:58,148  INFO [main] UsefulLinksPage:212 - Main Window ID: CDwindow-FC289379FB58B5DDA8A3D0688E016208
2021-03-21 08:55:58,273  INFO [main] UsefulLinksPage:213 - 6
2021-03-21 08:56:04,293  INFO [main] UsefulLinksPage:228 - I am in MainWindow
2021-03-21 08:56:04,298  INFO [main] UsefulLinksPage:222 - Child Window ID:CDwindow-E5A3100D61E87052AD9DB7C46FB718B0
2021-03-21 08:56:04,619  INFO [main] UsefulLinksPage:222 - Child Window ID:CDwindow-F3892EE3DE183693DF809DEED2026795
2021-03-21 08:56:05,074  INFO [main] UsefulLinksPage:222 - Child Window ID:CDwindow-0503C45C573AA6CEDB3786B02016485C
2021-03-21 08:56:05,429  INFO [main] UsefulLinksPage:222 - Child Window ID:CDwindow-FDA4B50E1C41D5BA148A29379CD54D35
2021-03-21 08:56:05,742  INFO [main] UsefulLinksPage:222 - Child Window ID:CDwindow-24374A7C7606F2970877C0E790638FAC
2021-03-21 08:56:06,058  INFO [main] UsefulLinksPage:222 - Child Window ID:CDwindow-26441C4827B7EBF024FC143CE315DF76
